<?xml version="1.0" encoding="UTF-8"?>
<!-- Generated by org.testng.reporters.JUnitReportReporter -->
<testsuite skipped="0" hostname="Jaguar" name="selenium.Test1" tests="1" failures="0" timestamp="2022-12-30T15:22:14 IST" time="25.523" errors="0">
  <testcase name="login" time="25.523" classname="selenium.Test1"/>
  <system-out/>
</testsuite> <!-- selenium.Test1 -->
