<?xml version="1.0" encoding="UTF-8"?>
<!-- Generated by org.testng.reporters.JUnitReportReporter -->
<testsuite skipped="0" hostname="Jaguar" name="selenium.Test2" tests="1" failures="0" timestamp="2022-12-27T10:59:39 IST" time="3.660" errors="0">
  <testcase name="ReadExcel" time="3.660" classname="selenium.Test2"/>
  <system-out/>
</testsuite> <!-- selenium.Test2 -->
