<?xml version="1.0" encoding="UTF-8"?>
<!-- Generated by org.testng.reporters.JUnitReportReporter -->
<testsuite skipped="0" hostname="Jaguar" name="selenium.LoginAndLogOut" tests="1" failures="0" timestamp="2022-12-31T12:27:31 IST" time="76.477" errors="0">
  <testcase name="logintc" time="76.477" classname="selenium.LoginAndLogOut"/>
  <system-out/>
</testsuite> <!-- selenium.LoginAndLogOut -->
