<?xml version="1.0" encoding="UTF-8"?>
<!-- Generated by org.testng.reporters.JUnitReportReporter -->
<testsuite hostname="DESKTOP-DJUCTJM" failures="0" tests="1" name="selenium.Day1_seleniumLearn" time="40.144" errors="0" timestamp="2023-08-17T11:42:13 IST" skipped="0">
  <testcase classname="selenium.Day1_seleniumLearn" name="salesforce" time="40.144"/>
</testsuite> <!-- selenium.Day1_seleniumLearn -->
